2023-06-24 00:00:02 [INFO] Script logs are in ebike_battery_manager.log
2023-06-24 00:00:02 [INFO] >>>>> FOUND config_file: /home/kelvin/ebike_battery_manager.config
2023-06-24 00:00:02 [INFO] >>>>> START <<<<<
2023-06-24 00:00:02 [INFO]   ---- test_mode: False
2023-06-24 00:00:02 [INFO]   ---- force_full_charge: True
2023-06-24 00:00:02 [INFO]   ---- nominal_charge_battery_power_threshold: 90.0
2023-06-24 00:00:02 [INFO]   ---- full_charge_battery_power_threshold: 5.0
2023-06-24 00:00:02 [INFO]   ---- storage_charge_battery_power_threshold: 90.0
2023-06-24 00:00:02 [INFO]   ---- full_charge_repeat_limit: 3
2023-06-24 00:00:02 [INFO]   ---- max_cycles_in_fine_mode: 20
2023-06-24 00:00:02 [INFO]   ---- storage_charge_cycle_limit: 1
2023-06-24 00:00:02 [INFO]   ---- max_hours_to_run: 12
2023-06-24 00:00:02 [INFO]   ---- logfile: ebike_battery_manager.log
2023-06-24 00:00:02 [INFO]   ---- config_file: /home/kelvin/ebike_battery_manager.config
2023-06-24 00:00:02 [INFO]   ---- plugs in storage mode: 
2023-06-24 00:00:02 [INFO]       ---- plug name: rad_battery_3
2023-06-24 00:00:07 [INFO] >>>>> init <<<<<
2023-06-24 00:00:07 [INFO] init: found a SmartPlug: deco-upstairs
2023-06-24 00:00:07 [INFO] init: found a SmartStrip: Plug 1, children: 3
2023-06-24 00:00:08 [INFO] init: found a SmartStrip: TP-LINK_Power Strip_08FD, children: 6
2023-06-24 00:00:08 [INFO] SmartStrip: plug: battery_spare_1, battery_charge_mode: BatteryChargeMode.FULL
2023-06-24 00:00:08 [INFO] SmartStrip: plug: lectric_battery_2, battery_charge_mode: BatteryChargeMode.FULL
2023-06-24 00:00:08 [INFO] SmartStrip: plug: lectric_battery_1, battery_charge_mode: BatteryChargeMode.FULL
2023-06-24 00:00:08 [INFO] SmartStrip: plug: rad_battery_3, battery_charge_mode: BatteryChargeMode.STORAGE
2023-06-24 00:00:08 [INFO] SmartStrip: plug: rad_battery_2, battery_charge_mode: BatteryChargeMode.FULL
2023-06-24 00:00:08 [INFO] SmartStrip: plug: rad_battery_1, battery_charge_mode: BatteryChargeMode.FULL
2023-06-24 00:00:08 [INFO] init: found a SmartPlug: lectric_no_prefix
2023-06-24 00:00:08 [INFO] SUCCESSFULLY found: 6 smart battery plugs
2023-06-24 00:00:16 [INFO] >>>>> setup <<<<<
2023-06-24 00:00:46 [INFO] >>>>> analyze --> probe_interval_secs: 600 <<<<<
2023-06-24 00:00:47 [INFO] battery_spare_1: 0.0
2023-06-24 00:00:47 [INFO] battery_spare_1: fine probe interval (300) secs is now ON
2023-06-24 00:00:47 [INFO] battery_spare_1 is actively_charging
2023-06-24 00:00:48 [INFO] lectric_battery_2: 98.173
2023-06-24 00:00:48 [INFO] lectric_battery_2 is actively_charging
2023-06-24 00:00:50 [INFO] lectric_battery_1: 107.534
2023-06-24 00:00:50 [INFO] lectric_battery_1 is actively_charging
2023-06-24 00:00:51 [INFO] rad_battery_3: 15.506
2023-06-24 00:00:51 [INFO] rad_battery_3: (threshold_check) has no battery present or it may be fully charged: 15.506
2023-06-24 00:00:54 [INFO] rad_battery_2: 93.435
2023-06-24 00:00:54 [INFO] rad_battery_2 is actively_charging
2023-06-24 00:00:55 [INFO] rad_battery_1: 103.975
2023-06-24 00:00:55 [INFO] rad_battery_1 is actively_charging
2023-06-24 00:00:55 [INFO] Switch to probe_interval_secs: 300 from: 600
2023-06-24 00:05:55 [INFO] >>>>> analyze --> probe_interval_secs: 300 <<<<<
2023-06-24 00:05:56 [INFO] battery_spare_1: 0.0
2023-06-24 00:05:56 [INFO] battery_spare_1 is actively_charging
2023-06-24 00:05:58 [INFO] lectric_battery_2: 97.657
2023-06-24 00:05:58 [INFO] lectric_battery_2 is actively_charging
2023-06-24 00:05:59 [INFO] lectric_battery_1: 107.025
2023-06-24 00:05:59 [INFO] lectric_battery_1 is actively_charging
2023-06-24 00:06:00 [INFO] rad_battery_2: 79.359
2023-06-24 00:06:00 [INFO] rad_battery_2 is actively_charging
2023-06-24 00:06:01 [INFO] rad_battery_1: 103.347
2023-06-24 00:06:01 [INFO] rad_battery_1 is actively_charging
2023-06-24 00:11:02 [INFO] >>>>> analyze --> probe_interval_secs: 300 <<<<<
2023-06-24 00:11:03 [INFO] battery_spare_1: 0.0
2023-06-24 00:11:03 [INFO] battery_spare_1 is actively_charging
2023-06-24 00:11:04 [INFO] lectric_battery_2: 97.655
2023-06-24 00:11:04 [INFO] lectric_battery_2 is actively_charging
2023-06-24 00:11:05 [INFO] lectric_battery_1: 106.907
2023-06-24 00:11:05 [INFO] lectric_battery_1 is actively_charging
2023-06-24 00:11:07 [INFO] rad_battery_2: 72.054
2023-06-24 00:11:07 [INFO] rad_battery_2 is actively_charging
2023-06-24 00:11:08 [INFO] rad_battery_1: 103.296
2023-06-24 00:11:08 [INFO] rad_battery_1 is actively_charging
2023-06-24 00:16:08 [INFO] >>>>> analyze --> probe_interval_secs: 300 <<<<<
2023-06-24 00:16:09 [INFO] battery_spare_1: 0.0
2023-06-24 00:16:09 [INFO] battery_spare_1 is actively_charging
2023-06-24 00:16:11 [INFO] lectric_battery_2: 97.675
2023-06-24 00:16:11 [INFO] lectric_battery_2 is actively_charging
2023-06-24 00:16:12 [INFO] lectric_battery_1: 106.968
2023-06-24 00:16:12 [INFO] lectric_battery_1 is actively_charging
2023-06-24 00:16:13 [INFO] rad_battery_2: 64.759
2023-06-24 00:16:13 [INFO] rad_battery_2 is actively_charging
2023-06-24 00:16:15 [INFO] rad_battery_1: 103.475
2023-06-24 00:16:15 [INFO] rad_battery_1 is actively_charging
2023-06-24 00:21:15 [INFO] >>>>> analyze --> probe_interval_secs: 300 <<<<<
2023-06-24 00:21:16 [INFO] battery_spare_1: 0.0
2023-06-24 00:21:16 [INFO] battery_spare_1 is actively_charging
2023-06-24 00:21:17 [INFO] lectric_battery_2: 97.775
2023-06-24 00:21:17 [INFO] lectric_battery_2 is actively_charging
2023-06-24 00:21:19 [INFO] lectric_battery_1: 107.071
2023-06-24 00:21:19 [INFO] lectric_battery_1 is actively_charging
2023-06-24 00:21:21 [INFO] rad_battery_2: 57.351
2023-06-24 00:21:21 [INFO] rad_battery_2 is actively_charging
2023-06-24 00:21:22 [INFO] rad_battery_1: 103.635
2023-06-24 00:21:22 [INFO] rad_battery_1 is actively_charging
2023-06-24 00:26:22 [INFO] >>>>> analyze --> probe_interval_secs: 300 <<<<<
2023-06-24 00:26:24 [INFO] battery_spare_1: 0.0
2023-06-24 00:26:24 [INFO] battery_spare_1: (threshold_check) has no battery present or it may be fully charged: 0.0
2023-06-24 00:26:27 [INFO] lectric_battery_2: 97.887
2023-06-24 00:26:27 [INFO] lectric_battery_2 is actively_charging
2023-06-24 00:26:28 [INFO] lectric_battery_1: 107.147
2023-06-24 00:26:28 [INFO] lectric_battery_1 is actively_charging
2023-06-24 00:26:30 [INFO] rad_battery_2: 49.764
2023-06-24 00:26:30 [INFO] rad_battery_2 is actively_charging
2023-06-24 00:26:31 [INFO] rad_battery_1: 103.928
2023-06-24 00:26:31 [INFO] rad_battery_1 is actively_charging
2023-06-24 00:26:31 [INFO] Switch to probe_interval_secs: 600 from: 300
2023-06-24 00:36:31 [INFO] >>>>> analyze --> probe_interval_secs: 600 <<<<<
2023-06-24 00:36:32 [INFO] lectric_battery_2: 98.176
2023-06-24 00:36:32 [INFO] lectric_battery_2 is actively_charging
2023-06-24 00:36:34 [INFO] lectric_battery_1: 107.475
2023-06-24 00:36:34 [INFO] lectric_battery_1 is actively_charging
2023-06-24 00:36:36 [INFO] rad_battery_2: 36.157
2023-06-24 00:36:36 [INFO] rad_battery_2 is actively_charging
2023-06-24 00:36:37 [INFO] rad_battery_1: 104.42
2023-06-24 00:36:37 [INFO] rad_battery_1 is actively_charging
2023-06-24 00:46:37 [INFO] >>>>> analyze --> probe_interval_secs: 600 <<<<<
2023-06-24 00:46:38 [INFO] lectric_battery_2: 98.566
2023-06-24 00:46:38 [INFO] lectric_battery_2 is actively_charging
2023-06-24 00:46:40 [INFO] lectric_battery_1: 107.842
2023-06-24 00:46:40 [INFO] lectric_battery_1 is actively_charging
2023-06-24 00:46:42 [INFO] rad_battery_2: 25.508
2023-06-24 00:46:42 [INFO] rad_battery_2 is actively_charging
2023-06-24 00:46:43 [INFO] rad_battery_1: 100.58
2023-06-24 00:46:43 [INFO] rad_battery_1 is actively_charging
2023-06-24 00:56:43 [INFO] >>>>> analyze --> probe_interval_secs: 600 <<<<<
2023-06-24 00:56:44 [INFO] lectric_battery_2: 99.11
2023-06-24 00:56:44 [INFO] lectric_battery_2 is actively_charging
2023-06-24 00:56:46 [INFO] lectric_battery_1: 108.351
2023-06-24 00:56:46 [INFO] lectric_battery_1 is actively_charging
2023-06-24 00:56:47 [INFO] rad_battery_2: 4.166
2023-06-24 00:56:47 [INFO] rad_battery_2: fine probe interval (300) secs is now ON
2023-06-24 00:56:47 [INFO] rad_battery_2 is actively_charging
2023-06-24 00:56:48 [INFO] rad_battery_1: 89.499
2023-06-24 00:56:48 [INFO] rad_battery_1 is actively_charging
2023-06-24 00:56:48 [INFO] Switch to probe_interval_secs: 300 from: 600
2023-06-24 01:01:48 [INFO] >>>>> analyze --> probe_interval_secs: 300 <<<<<
2023-06-24 01:01:50 [INFO] lectric_battery_2: 99.336
2023-06-24 01:01:50 [INFO] lectric_battery_2 is actively_charging
2023-06-24 01:01:51 [INFO] lectric_battery_1: 108.668
2023-06-24 01:01:51 [INFO] lectric_battery_1 is actively_charging
2023-06-24 01:01:52 [INFO] rad_battery_2: 5.581
2023-06-24 01:01:52 [INFO] rad_battery_2 is actively_charging
2023-06-24 01:01:54 [INFO] rad_battery_1: 85.814
2023-06-24 01:01:54 [INFO] rad_battery_1 is actively_charging
2023-06-24 01:06:54 [INFO] >>>>> analyze --> probe_interval_secs: 300 <<<<<
2023-06-24 01:06:56 [INFO] lectric_battery_2: 99.639
2023-06-24 01:06:56 [INFO] lectric_battery_2 is actively_charging
2023-06-24 01:06:57 [INFO] lectric_battery_1: 109.022
2023-06-24 01:06:57 [INFO] lectric_battery_1 is actively_charging
2023-06-24 01:06:59 [INFO] rad_battery_2: 5.418
2023-06-24 01:06:59 [INFO] rad_battery_2 is actively_charging
2023-06-24 01:07:00 [INFO] rad_battery_1: 82.207
2023-06-24 01:07:00 [INFO] rad_battery_1 is actively_charging
2023-06-24 01:12:00 [INFO] >>>>> analyze --> probe_interval_secs: 300 <<<<<
2023-06-24 01:12:02 [INFO] lectric_battery_2: 99.942
2023-06-24 01:12:02 [INFO] lectric_battery_2 is actively_charging
2023-06-24 01:12:04 [INFO] lectric_battery_1: 109.332
2023-06-24 01:12:04 [INFO] lectric_battery_1 is actively_charging
2023-06-24 01:12:05 [INFO] rad_battery_2: 5.074
2023-06-24 01:12:05 [INFO] rad_battery_2 is actively_charging
2023-06-24 01:12:06 [INFO] rad_battery_1: 78.652
2023-06-24 01:12:06 [INFO] rad_battery_1 is actively_charging
2023-06-24 01:17:06 [INFO] >>>>> analyze --> probe_interval_secs: 300 <<<<<
2023-06-24 01:17:08 [INFO] lectric_battery_2: 100.279
2023-06-24 01:17:08 [INFO] lectric_battery_2 is actively_charging
2023-06-24 01:17:09 [INFO] lectric_battery_1: 109.709
2023-06-24 01:17:09 [INFO] lectric_battery_1 is actively_charging
2023-06-24 01:17:10 [INFO] rad_battery_2: 4.744
2023-06-24 01:17:10 [INFO] rad_battery_2 is actively_charging
2023-06-24 01:17:12 [INFO] rad_battery_1: 75.61
2023-06-24 01:17:12 [INFO] rad_battery_1 is actively_charging
2023-06-24 01:22:12 [INFO] >>>>> analyze --> probe_interval_secs: 300 <<<<<
2023-06-24 01:22:14 [INFO] lectric_battery_2: 100.526
2023-06-24 01:22:14 [INFO] lectric_battery_2 is actively_charging
2023-06-24 01:22:15 [INFO] lectric_battery_1: 110.017
2023-06-24 01:22:15 [INFO] lectric_battery_1 is actively_charging
2023-06-24 01:22:16 [INFO] rad_battery_2: 4.393
2023-06-24 01:22:16 [INFO] rad_battery_2 is actively_charging
2023-06-24 01:22:18 [INFO] rad_battery_1: 71.787
2023-06-24 01:22:18 [INFO] rad_battery_1 is actively_charging
2023-06-24 01:27:18 [INFO] >>>>> analyze --> probe_interval_secs: 300 <<<<<
2023-06-24 01:27:19 [INFO] lectric_battery_2: 100.859
2023-06-24 01:27:19 [INFO] lectric_battery_2 is actively_charging
2023-06-24 01:27:21 [INFO] lectric_battery_1: 110.337
2023-06-24 01:27:21 [INFO] lectric_battery_1 is actively_charging
2023-06-24 01:27:22 [INFO] rad_battery_2: 4.032
2023-06-24 01:27:22 [INFO] rad_battery_2 is actively_charging
2023-06-24 01:27:24 [INFO] rad_battery_1: 68.421
2023-06-24 01:27:24 [INFO] rad_battery_1 is actively_charging
2023-06-24 01:32:24 [INFO] >>>>> analyze --> probe_interval_secs: 300 <<<<<
2023-06-24 01:32:25 [INFO] lectric_battery_2: 101.152
2023-06-24 01:32:25 [INFO] lectric_battery_2 is actively_charging
2023-06-24 01:32:27 [INFO] lectric_battery_1: 110.656
2023-06-24 01:32:27 [INFO] lectric_battery_1 is actively_charging
2023-06-24 01:32:28 [INFO] rad_battery_2: 3.732
2023-06-24 01:32:28 [INFO] rad_battery_2: (threshold_check) has no battery present or it may be fully charged: 3.732
2023-06-24 01:32:31 [INFO] rad_battery_1: 64.685
2023-06-24 01:32:31 [INFO] rad_battery_1 is actively_charging
2023-06-24 01:32:31 [INFO] Switch to probe_interval_secs: 600 from: 300
2023-06-24 01:42:31 [INFO] >>>>> analyze --> probe_interval_secs: 600 <<<<<
2023-06-24 01:42:33 [INFO] lectric_battery_2: 101.649
2023-06-24 01:42:33 [INFO] lectric_battery_2 is actively_charging
2023-06-24 01:42:34 [INFO] lectric_battery_1: 111.164
2023-06-24 01:42:34 [INFO] lectric_battery_1 is actively_charging
2023-06-24 01:42:35 [INFO] rad_battery_1: 56.937
2023-06-24 01:42:35 [INFO] rad_battery_1 is actively_charging
2023-06-24 01:52:36 [INFO] >>>>> analyze --> probe_interval_secs: 600 <<<<<
2023-06-24 01:52:37 [INFO] lectric_battery_2: 100.62
2023-06-24 01:52:37 [INFO] lectric_battery_2 is actively_charging
2023-06-24 01:52:38 [INFO] lectric_battery_1: 111.508
2023-06-24 01:52:38 [INFO] lectric_battery_1 is actively_charging
2023-06-24 01:52:40 [INFO] rad_battery_1: 48.92
2023-06-24 01:52:40 [INFO] rad_battery_1 is actively_charging
2023-06-24 02:02:40 [INFO] >>>>> analyze --> probe_interval_secs: 600 <<<<<
2023-06-24 02:02:42 [INFO] lectric_battery_2: 85.924
2023-06-24 02:02:42 [INFO] lectric_battery_2 is actively_charging
2023-06-24 02:02:43 [INFO] lectric_battery_1: 109.803
2023-06-24 02:02:43 [INFO] lectric_battery_1 is actively_charging
2023-06-24 02:02:45 [INFO] rad_battery_1: 40.89
2023-06-24 02:02:45 [INFO] rad_battery_1 is actively_charging
2023-06-24 02:12:45 [INFO] >>>>> analyze --> probe_interval_secs: 600 <<<<<
2023-06-24 02:12:46 [INFO] lectric_battery_2: 73.656
2023-06-24 02:12:46 [INFO] lectric_battery_2 is actively_charging
2023-06-24 02:12:47 [INFO] lectric_battery_1: 91.747
2023-06-24 02:12:47 [INFO] lectric_battery_1 is actively_charging
2023-06-24 02:12:49 [INFO] rad_battery_1: 33.545
2023-06-24 02:12:49 [INFO] rad_battery_1 is actively_charging
2023-06-24 02:22:49 [INFO] >>>>> analyze --> probe_interval_secs: 600 <<<<<
2023-06-24 02:22:50 [INFO] lectric_battery_2: 61.754
2023-06-24 02:22:50 [INFO] lectric_battery_2 is actively_charging
2023-06-24 02:22:51 [INFO] lectric_battery_1: 74.194
2023-06-24 02:22:51 [INFO] lectric_battery_1 is actively_charging
2023-06-24 02:22:53 [INFO] rad_battery_1: 27.29
2023-06-24 02:22:53 [INFO] rad_battery_1 is actively_charging
2023-06-24 02:32:53 [INFO] >>>>> analyze --> probe_interval_secs: 600 <<<<<
2023-06-24 02:32:54 [INFO] lectric_battery_2: 50.125
2023-06-24 02:32:54 [INFO] lectric_battery_2 is actively_charging
2023-06-24 02:32:56 [INFO] lectric_battery_1: 57.142
2023-06-24 02:32:56 [INFO] lectric_battery_1 is actively_charging
2023-06-24 02:32:57 [INFO] rad_battery_1: 21.974
2023-06-24 02:32:57 [INFO] rad_battery_1: fine probe interval (300) secs is now ON
2023-06-24 02:32:57 [INFO] rad_battery_1 is actively_charging
2023-06-24 02:32:57 [INFO] Switch to probe_interval_secs: 300 from: 600
2023-06-24 02:37:57 [INFO] >>>>> analyze --> probe_interval_secs: 300 <<<<<
2023-06-24 02:37:59 [INFO] lectric_battery_2: 44.426
2023-06-24 02:37:59 [INFO] lectric_battery_2 is actively_charging
2023-06-24 02:38:00 [INFO] lectric_battery_1: 49.066
2023-06-24 02:38:00 [INFO] lectric_battery_1 is actively_charging
2023-06-24 02:38:02 [INFO] rad_battery_1: 19.729
2023-06-24 02:38:02 [INFO] rad_battery_1 is actively_charging
2023-06-24 02:43:02 [INFO] >>>>> analyze --> probe_interval_secs: 300 <<<<<
2023-06-24 02:43:03 [INFO] lectric_battery_2: 39.054
2023-06-24 02:43:03 [INFO] lectric_battery_2 is actively_charging
2023-06-24 02:43:04 [INFO] lectric_battery_1: 41.631
2023-06-24 02:43:04 [INFO] lectric_battery_1 is actively_charging
2023-06-24 02:43:06 [INFO] rad_battery_1: 17.657
2023-06-24 02:43:06 [INFO] rad_battery_1 is actively_charging
2023-06-24 02:48:06 [INFO] >>>>> analyze --> probe_interval_secs: 300 <<<<<
2023-06-24 02:48:07 [INFO] lectric_battery_2: 33.937
2023-06-24 02:48:07 [INFO] lectric_battery_2 is actively_charging
2023-06-24 02:48:09 [INFO] lectric_battery_1: 34.893
2023-06-24 02:48:09 [INFO] lectric_battery_1 is actively_charging
2023-06-24 02:48:10 [INFO] rad_battery_1: 5.151
2023-06-24 02:48:10 [INFO] rad_battery_1 is actively_charging
2023-06-24 02:53:10 [INFO] >>>>> analyze --> probe_interval_secs: 300 <<<<<
2023-06-24 02:53:12 [INFO] lectric_battery_2: 29.296
2023-06-24 02:53:12 [INFO] lectric_battery_2: fine probe interval (300) secs is now ON
2023-06-24 02:53:12 [INFO] lectric_battery_2 is actively_charging
2023-06-24 02:53:13 [INFO] lectric_battery_1: 28.98
2023-06-24 02:53:13 [INFO] lectric_battery_1 is actively_charging
2023-06-24 02:53:15 [INFO] rad_battery_1: 6.064
2023-06-24 02:53:15 [INFO] rad_battery_1 is actively_charging
2023-06-24 02:58:15 [INFO] >>>>> analyze --> probe_interval_secs: 300 <<<<<
2023-06-24 02:58:16 [INFO] lectric_battery_2: 25.006
2023-06-24 02:58:16 [INFO] lectric_battery_2 is actively_charging
2023-06-24 02:58:17 [INFO] lectric_battery_1: 23.971
2023-06-24 02:58:17 [INFO] lectric_battery_1 is actively_charging
2023-06-24 02:58:19 [INFO] rad_battery_1: 6.279
2023-06-24 02:58:19 [INFO] rad_battery_1 is actively_charging
2023-06-24 03:03:19 [INFO] >>>>> analyze --> probe_interval_secs: 300 <<<<<
2023-06-24 03:03:20 [INFO] lectric_battery_2: 21.228
2023-06-24 03:03:20 [INFO] lectric_battery_2 is actively_charging
2023-06-24 03:03:22 [INFO] lectric_battery_1: 19.688
2023-06-24 03:03:22 [INFO] lectric_battery_1 is actively_charging
2023-06-24 03:03:23 [INFO] rad_battery_1: 6.215
2023-06-24 03:03:23 [INFO] rad_battery_1 is actively_charging
2023-06-24 03:08:23 [INFO] >>>>> analyze --> probe_interval_secs: 300 <<<<<
2023-06-24 03:08:25 [INFO] lectric_battery_2: 17.946
2023-06-24 03:08:25 [INFO] lectric_battery_2 is actively_charging
2023-06-24 03:08:26 [INFO] lectric_battery_1: 16.216
2023-06-24 03:08:26 [INFO] lectric_battery_1 is actively_charging
2023-06-24 03:08:28 [INFO] rad_battery_1: 6.069
2023-06-24 03:08:28 [INFO] rad_battery_1 is actively_charging
2023-06-24 03:13:28 [INFO] >>>>> analyze --> probe_interval_secs: 300 <<<<<
2023-06-24 03:13:29 [INFO] lectric_battery_2: 15.209
2023-06-24 03:13:29 [INFO] lectric_battery_2 is actively_charging
2023-06-24 03:13:30 [INFO] lectric_battery_1: 13.398
2023-06-24 03:13:30 [INFO] lectric_battery_1 is actively_charging
2023-06-24 03:13:32 [INFO] rad_battery_1: 5.86
2023-06-24 03:13:32 [INFO] rad_battery_1 is actively_charging
2023-06-24 03:18:32 [INFO] >>>>> analyze --> probe_interval_secs: 300 <<<<<
2023-06-24 03:18:33 [INFO] lectric_battery_2: 12.812
2023-06-24 03:18:33 [INFO] lectric_battery_2 is actively_charging
2023-06-24 03:18:35 [INFO] lectric_battery_1: 11.109
2023-06-24 03:18:35 [INFO] lectric_battery_1 is actively_charging
2023-06-24 03:18:36 [INFO] rad_battery_1: 5.592
2023-06-24 03:18:36 [INFO] rad_battery_1 is actively_charging
2023-06-24 03:23:36 [INFO] >>>>> analyze --> probe_interval_secs: 300 <<<<<
2023-06-24 03:23:38 [INFO] lectric_battery_2: 10.853
2023-06-24 03:23:38 [INFO] lectric_battery_2 is actively_charging
2023-06-24 03:23:39 [INFO] lectric_battery_1: 9.289
2023-06-24 03:23:39 [INFO] lectric_battery_1 is actively_charging
2023-06-24 03:23:40 [INFO] rad_battery_1: 5.367
2023-06-24 03:23:40 [INFO] rad_battery_1 is actively_charging
2023-06-24 03:28:40 [INFO] >>>>> analyze --> probe_interval_secs: 300 <<<<<
2023-06-24 03:28:42 [INFO] lectric_battery_2: 9.195
2023-06-24 03:28:42 [INFO] lectric_battery_2 is actively_charging
2023-06-24 03:28:43 [INFO] lectric_battery_1: 7.841
2023-06-24 03:28:43 [INFO] lectric_battery_1 is actively_charging
2023-06-24 03:28:45 [INFO] rad_battery_1: 5.18
2023-06-24 03:28:45 [INFO] rad_battery_1 is actively_charging
2023-06-24 03:33:45 [INFO] >>>>> analyze --> probe_interval_secs: 300 <<<<<
2023-06-24 03:33:46 [INFO] lectric_battery_2: 7.838
2023-06-24 03:33:46 [INFO] lectric_battery_2 is actively_charging
2023-06-24 03:33:47 [INFO] lectric_battery_1: 6.725
2023-06-24 03:33:47 [INFO] lectric_battery_1 is actively_charging
2023-06-24 03:33:49 [INFO] rad_battery_1: 4.966
2023-06-24 03:33:49 [INFO] rad_battery_1 is actively_charging
2023-06-24 03:38:49 [INFO] >>>>> analyze --> probe_interval_secs: 300 <<<<<
2023-06-24 03:38:50 [INFO] lectric_battery_2: 6.782
2023-06-24 03:38:50 [INFO] lectric_battery_2 is actively_charging
2023-06-24 03:38:52 [INFO] lectric_battery_1: 5.784
2023-06-24 03:38:52 [INFO] lectric_battery_1 is actively_charging
2023-06-24 03:38:53 [INFO] rad_battery_1: 4.708
2023-06-24 03:38:53 [INFO] rad_battery_1 is actively_charging
2023-06-24 03:43:53 [INFO] >>>>> analyze --> probe_interval_secs: 300 <<<<<
2023-06-24 03:43:54 [INFO] lectric_battery_2: 5.953
2023-06-24 03:43:54 [INFO] lectric_battery_2 is actively_charging
2023-06-24 03:43:56 [INFO] lectric_battery_1: 5.177
2023-06-24 03:43:56 [INFO] lectric_battery_1 is actively_charging
2023-06-24 03:43:57 [INFO] rad_battery_1: 4.474
2023-06-24 03:43:57 [INFO] rad_battery_1 is actively_charging
2023-06-24 03:48:57 [INFO] >>>>> analyze --> probe_interval_secs: 300 <<<<<
2023-06-24 03:48:59 [INFO] lectric_battery_2: 5.227
2023-06-24 03:48:59 [INFO] lectric_battery_2 is actively_charging
2023-06-24 03:49:00 [INFO] lectric_battery_1: 4.536
2023-06-24 03:49:00 [INFO] lectric_battery_1: (threshold_check) has no battery present or it may be fully charged: 4.536
2023-06-24 03:49:03 [INFO] rad_battery_1: 4.263
2023-06-24 03:49:03 [INFO] rad_battery_1: (threshold_check) has no battery present or it may be fully charged: 4.263
2023-06-24 03:54:04 [INFO] >>>>> analyze --> probe_interval_secs: 300 <<<<<
2023-06-24 03:54:06 [INFO] lectric_battery_2: 4.624
2023-06-24 03:54:06 [INFO] lectric_battery_2: (threshold_check) has no battery present or it may be fully charged: 4.624
2023-06-24 03:54:07 [INFO] >>>>> !!!! FINI: success: True !!!! <<<<<
2023-06-24 03:54:07 [INFO] ==> Elapsed time: 3:54:05
